2024-09-17T07:41:11.503+07:00  INFO 13004 --- [spring-web] [main] s.s.spring_web.SpringWebApplication      : Starting SpringWebApplication using Java 21.0.1 with PID 13004 (C:\Users\MeyMey Heng\Desktop\Student-V2\target\classes started by MeyMey Heng in C:\Users\MeyMey Heng\Desktop\Student-V2)
2024-09-17T07:41:11.519+07:00  INFO 13004 --- [spring-web] [main] s.s.spring_web.SpringWebApplication      : No active profile set, falling back to 1 default profile: "default"
2024-09-17T07:41:13.111+07:00  INFO 13004 --- [spring-web] [main] .s.d.r.c.RepositoryConfigurationDelegate : Bootstrapping Spring Data JPA repositories in DEFAULT mode.
2024-09-17T07:41:13.250+07:00  INFO 13004 --- [spring-web] [main] .s.d.r.c.RepositoryConfigurationDelegate : Finished Spring Data repository scanning in 128 ms. Found 9 JPA repository interfaces.
2024-09-17T07:41:18.185+07:00  WARN 13004 --- [spring-web] [main] JpaBaseConfiguration$JpaWebConfiguration : spring.jpa.open-in-view is enabled by default. Therefore, database queries may be performed during view rendering. Explicitly configure spring.jpa.open-in-view to disable this warning
2024-09-17T07:41:19.140+07:00  INFO 13004 --- [spring-web] [main] s.s.spring_web.SpringWebApplication      : Started SpringWebApplication in 8.24 seconds (process running for 8.801)
2024-09-17T08:12:51.272+07:00  INFO 13004 --- [spring-web] [http-nio-8080-exec-4] s.s.spring_web.aspect.LoggingAspect      : Entering method: DepartmentController.getAllDepartments()
2024-09-17T08:12:51.705+07:00  INFO 13004 --- [spring-web] [http-nio-8080-exec-4] s.s.spring_web.aspect.LoggingAspect      : Exiting method: DepartmentController.getAllDepartments() with result: <200 OK OK,[],[]>
2024-09-17T08:12:51.890+07:00  WARN 13004 --- [spring-web] [http-nio-8080-exec-5] .c.j.MappingJackson2HttpMessageConverter : Failed to evaluate Jackson deserialization for type [[simple type, class students.student_management.spring_web.model.Department]]: com.fasterxml.jackson.databind.exc.InvalidDefinitionException: Multiple back-reference properties with name 'defaultReference'
2024-09-17T08:12:51.894+07:00  WARN 13004 --- [spring-web] [http-nio-8080-exec-5] .c.j.MappingJackson2HttpMessageConverter : Failed to evaluate Jackson deserialization for type [[simple type, class students.student_management.spring_web.model.Department]]: com.fasterxml.jackson.databind.exc.InvalidDefinitionException: Multiple back-reference properties with name 'defaultReference'
2024-09-17T08:12:51.970+07:00  INFO 13004 --- [spring-web] [http-nio-8080-exec-3] s.s.spring_web.aspect.LoggingAspect      : Entering method: DepartmentController.exportDepartmentsToExcel()
2024-09-17T08:12:53.370+07:00  INFO 13004 --- [spring-web] [http-nio-8080-exec-3] s.s.spring_web.aspect.LoggingAspect      : Exiting method: DepartmentController.exportDepartmentsToExcel() with result: <200 OK OK,[B@774e1587,[Content-Disposition:"attachment; filename=departments.xlsx", Content-Type:"application/octet-stream"]>
2024-09-17T08:12:53.450+07:00  INFO 13004 --- [spring-web] [http-nio-8080-exec-8] s.s.spring_web.aspect.LoggingAspect      : Entering method: DepartmentController.getTeachersByDepartmentId(..)
2024-09-17T08:12:53.478+07:00  INFO 13004 --- [spring-web] [http-nio-8080-exec-8] s.s.spring_web.aspect.LoggingAspect      : Exiting method: DepartmentController.getTeachersByDepartmentId(..) with result: <404 NOT_FOUND Not Found,[]>
2024-09-17T08:12:53.545+07:00  INFO 13004 --- [spring-web] [http-nio-8080-exec-9] s.s.spring_web.aspect.LoggingAspect      : Entering method: DepartmentController.getAllStudents()
2024-09-17T08:12:53.547+07:00  INFO 13004 --- [spring-web] [http-nio-8080-exec-9] s.s.spring_web.aspect.LoggingAspect      : Exiting method: DepartmentController.getAllStudents() with result: <404 NOT_FOUND Not Found,[]>
2024-09-17T08:12:53.637+07:00  INFO 13004 --- [spring-web] [http-nio-8080-exec-10] s.s.spring_web.aspect.LoggingAspect      : Entering method: DepartmentController.getAllTeachers()
2024-09-17T08:12:53.640+07:00  INFO 13004 --- [spring-web] [http-nio-8080-exec-10] s.s.spring_web.aspect.LoggingAspect      : Exiting method: DepartmentController.getAllTeachers() with result: <404 NOT_FOUND Not Found,[]>
2024-09-17T08:12:53.729+07:00  INFO 13004 --- [spring-web] [http-nio-8080-exec-2] s.s.spring_web.aspect.LoggingAspect      : Entering method: DepartmentController.getStudentsByDepartmentId(..)
2024-09-17T08:12:53.732+07:00  INFO 13004 --- [spring-web] [http-nio-8080-exec-2] s.s.spring_web.aspect.LoggingAspect      : Exiting method: DepartmentController.getStudentsByDepartmentId(..) with result: <404 NOT_FOUND Not Found,[]>
2024-09-17T08:12:53.905+07:00  INFO 13004 --- [spring-web] [http-nio-8080-exec-1] s.s.spring_web.aspect.LoggingAspect      : Entering method: StudentStatusController.createStudentStatus(..)
2024-09-17T08:12:54.023+07:00  INFO 13004 --- [spring-web] [http-nio-8080-exec-1] s.s.spring_web.aspect.LoggingAspect      : Exiting method: StudentStatusController.createStudentStatus(..) with result: <201 CREATED Created,{message=Student Status created successfully!, status=students.student_management.spring_web.model.StudentStatus@2b1742fb},[]>
2024-09-17T08:12:54.111+07:00  INFO 13004 --- [spring-web] [http-nio-8080-exec-7] s.s.spring_web.aspect.LoggingAspect      : Entering method: StudentStatusController.getAllStudentStatuses()
2024-09-17T08:12:54.126+07:00  INFO 13004 --- [spring-web] [http-nio-8080-exec-7] s.s.spring_web.aspect.LoggingAspect      : Exiting method: StudentStatusController.getAllStudentStatuses() with result: <200 OK OK,[students.student_management.spring_web.model.StudentStatus@5b990c0c],[]>
2024-09-17T08:12:54.209+07:00  INFO 13004 --- [spring-web] [http-nio-8080-exec-4] s.s.spring_web.aspect.LoggingAspect      : Entering method: StudentStatusController.updateStudentStatus(..)
2024-09-17T08:12:54.230+07:00  INFO 13004 --- [spring-web] [http-nio-8080-exec-4] s.s.spring_web.aspect.LoggingAspect      : Exiting method: StudentStatusController.updateStudentStatus(..) with result: <200 OK OK,{message=Student Status updated successfully!, status=students.student_management.spring_web.model.StudentStatus@1ec75fb1},[]>
2024-09-17T08:12:54.351+07:00  INFO 13004 --- [spring-web] [http-nio-8080-exec-5] s.s.spring_web.aspect.LoggingAspect      : Entering method: TimeController.createTime(..)
2024-09-17T08:12:54.359+07:00  INFO 13004 --- [spring-web] [http-nio-8080-exec-5] s.s.spring_web.aspect.LoggingAspect      : Exiting method: TimeController.createTime(..) with result: <201 CREATED Created,{message=Time has been created successfully!, status=students.student_management.spring_web.model.Time@c004caf},[]>
2024-09-17T08:12:54.521+07:00  INFO 13004 --- [spring-web] [http-nio-8080-exec-3] s.s.spring_web.aspect.LoggingAspect      : Entering method: TimeController.updateTime(..)
2024-09-17T08:12:54.533+07:00  INFO 13004 --- [spring-web] [http-nio-8080-exec-3] s.s.spring_web.aspect.LoggingAspect      : Exiting method: TimeController.updateTime(..) with result: <200 OK OK,{message=Time has been updated successfully!, status=students.student_management.spring_web.model.Time@19dc667a},[]>
2024-09-17T08:12:54.634+07:00  WARN 13004 --- [spring-web] [http-nio-8080-exec-8] .c.j.MappingJackson2HttpMessageConverter : Failed to evaluate Jackson deserialization for type [[simple type, class students.student_management.spring_web.model.Student]]: com.fasterxml.jackson.databind.exc.InvalidDefinitionException: Multiple back-reference properties with name 'defaultReference'
2024-09-17T08:12:54.638+07:00  WARN 13004 --- [spring-web] [http-nio-8080-exec-8] .c.j.MappingJackson2HttpMessageConverter : Failed to evaluate Jackson deserialization for type [[simple type, class students.student_management.spring_web.model.Student]]: com.fasterxml.jackson.databind.exc.InvalidDefinitionException: Multiple back-reference properties with name 'defaultReference'
2024-09-17T08:12:54.728+07:00  INFO 13004 --- [spring-web] [http-nio-8080-exec-9] s.s.spring_web.aspect.LoggingAspect      : Entering method: StudentController.getAllStudents()
2024-09-17T08:12:54.763+07:00  INFO 13004 --- [spring-web] [http-nio-8080-exec-9] s.s.spring_web.aspect.LoggingAspect      : Exiting method: StudentController.getAllStudents() with result: <200 OK OK,[],[]>
2024-09-17T08:12:54.868+07:00  WARN 13004 --- [spring-web] [http-nio-8080-exec-2] .c.j.MappingJackson2HttpMessageConverter : Failed to evaluate Jackson deserialization for type [[simple type, class students.student_management.spring_web.model.Student]]: com.fasterxml.jackson.databind.exc.InvalidDefinitionException: Multiple back-reference properties with name 'defaultReference'
2024-09-17T08:12:54.871+07:00  WARN 13004 --- [spring-web] [http-nio-8080-exec-2] .c.j.MappingJackson2HttpMessageConverter : Failed to evaluate Jackson deserialization for type [[simple type, class students.student_management.spring_web.model.Student]]: com.fasterxml.jackson.databind.exc.InvalidDefinitionException: Multiple back-reference properties with name 'defaultReference'
2024-09-17T08:12:54.967+07:00  WARN 13004 --- [spring-web] [http-nio-8080-exec-7] .c.j.MappingJackson2HttpMessageConverter : Failed to evaluate Jackson deserialization for type [[simple type, class students.student_management.spring_web.model.Teacher]]: com.fasterxml.jackson.databind.exc.InvalidDefinitionException: Multiple back-reference properties with name 'defaultReference'
2024-09-17T08:12:54.969+07:00  WARN 13004 --- [spring-web] [http-nio-8080-exec-7] .c.j.MappingJackson2HttpMessageConverter : Failed to evaluate Jackson deserialization for type [[simple type, class students.student_management.spring_web.model.Teacher]]: com.fasterxml.jackson.databind.exc.InvalidDefinitionException: Multiple back-reference properties with name 'defaultReference'
2024-09-17T08:12:55.081+07:00  INFO 13004 --- [spring-web] [http-nio-8080-exec-5] s.s.spring_web.aspect.LoggingAspect      : Entering method: TeacherController.getAllTeachers()
2024-09-17T08:12:55.100+07:00  INFO 13004 --- [spring-web] [http-nio-8080-exec-5] s.s.spring_web.aspect.LoggingAspect      : Exiting method: TeacherController.getAllTeachers() with result: <204 NO_CONTENT No Content,[]>
2024-09-17T08:12:55.257+07:00  WARN 13004 --- [spring-web] [http-nio-8080-exec-8] .c.j.MappingJackson2HttpMessageConverter : Failed to evaluate Jackson deserialization for type [[simple type, class students.student_management.spring_web.model.Course]]: com.fasterxml.jackson.databind.exc.InvalidDefinitionException: Multiple back-reference properties with name 'defaultReference'
2024-09-17T08:12:55.258+07:00  WARN 13004 --- [spring-web] [http-nio-8080-exec-8] .c.j.MappingJackson2HttpMessageConverter : Failed to evaluate Jackson deserialization for type [[simple type, class students.student_management.spring_web.model.Course]]: com.fasterxml.jackson.databind.exc.InvalidDefinitionException: Multiple back-reference properties with name 'defaultReference'
2024-09-17T08:12:55.307+07:00  INFO 13004 --- [spring-web] [http-nio-8080-exec-9] s.s.spring_web.aspect.LoggingAspect      : Entering method: CourseController.getAllCourses()
2024-09-17T08:12:55.317+07:00  INFO 13004 --- [spring-web] [http-nio-8080-exec-9] s.s.spring_web.aspect.LoggingAspect      : Exiting method: CourseController.getAllCourses() with result: <204 NO_CONTENT No Content,[]>
2024-09-17T08:12:55.416+07:00  WARN 13004 --- [spring-web] [http-nio-8080-exec-2] .c.j.MappingJackson2HttpMessageConverter : Failed to evaluate Jackson deserialization for type [[simple type, class students.student_management.spring_web.model.Course]]: com.fasterxml.jackson.databind.exc.InvalidDefinitionException: Multiple back-reference properties with name 'defaultReference'
2024-09-17T08:12:55.420+07:00  WARN 13004 --- [spring-web] [http-nio-8080-exec-2] .c.j.MappingJackson2HttpMessageConverter : Failed to evaluate Jackson deserialization for type [[simple type, class students.student_management.spring_web.model.Course]]: com.fasterxml.jackson.databind.exc.InvalidDefinitionException: Multiple back-reference properties with name 'defaultReference'
2024-09-17T08:12:55.514+07:00  WARN 13004 --- [spring-web] [http-nio-8080-exec-7] .c.j.MappingJackson2HttpMessageConverter : Failed to evaluate Jackson deserialization for type [[simple type, class students.student_management.spring_web.model.Class]]: com.fasterxml.jackson.databind.exc.InvalidDefinitionException: Multiple back-reference properties with name 'defaultReference'
2024-09-17T08:12:55.520+07:00  WARN 13004 --- [spring-web] [http-nio-8080-exec-7] .c.j.MappingJackson2HttpMessageConverter : Failed to evaluate Jackson deserialization for type [[simple type, class students.student_management.spring_web.model.Class]]: com.fasterxml.jackson.databind.exc.InvalidDefinitionException: Multiple back-reference properties with name 'defaultReference'
2024-09-17T08:12:55.619+07:00  INFO 13004 --- [spring-web] [http-nio-8080-exec-5] s.s.spring_web.aspect.LoggingAspect      : Entering method: ClassController.getAllClasses()
2024-09-17T08:12:55.631+07:00  INFO 13004 --- [spring-web] [http-nio-8080-exec-5] s.s.spring_web.aspect.LoggingAspect      : Exiting method: ClassController.getAllClasses() with result: <204 NO_CONTENT No Content,[]>
2024-09-17T08:12:55.717+07:00  WARN 13004 --- [spring-web] [http-nio-8080-exec-6] .c.j.MappingJackson2HttpMessageConverter : Failed to evaluate Jackson deserialization for type [[simple type, class students.student_management.spring_web.model.Class]]: com.fasterxml.jackson.databind.exc.InvalidDefinitionException: Multiple back-reference properties with name 'defaultReference'
2024-09-17T08:12:55.720+07:00  WARN 13004 --- [spring-web] [http-nio-8080-exec-6] .c.j.MappingJackson2HttpMessageConverter : Failed to evaluate Jackson deserialization for type [[simple type, class students.student_management.spring_web.model.Class]]: com.fasterxml.jackson.databind.exc.InvalidDefinitionException: Multiple back-reference properties with name 'defaultReference'
2024-09-17T08:12:55.820+07:00  WARN 13004 --- [spring-web] [http-nio-8080-exec-8] .c.j.MappingJackson2HttpMessageConverter : Failed to evaluate Jackson deserialization for type [[simple type, class students.student_management.spring_web.model.Enrollment]]: com.fasterxml.jackson.databind.exc.InvalidDefinitionException: Multiple back-reference properties with name 'defaultReference'
2024-09-17T08:12:55.821+07:00  WARN 13004 --- [spring-web] [http-nio-8080-exec-8] .c.j.MappingJackson2HttpMessageConverter : Failed to evaluate Jackson deserialization for type [[simple type, class students.student_management.spring_web.model.Enrollment]]: com.fasterxml.jackson.databind.exc.InvalidDefinitionException: Multiple back-reference properties with name 'defaultReference'
2024-09-17T08:12:55.913+07:00  INFO 13004 --- [spring-web] [http-nio-8080-exec-9] s.s.spring_web.aspect.LoggingAspect      : Entering method: EnrollmentController.getAllEnrollments()
2024-09-17T08:12:55.918+07:00  INFO 13004 --- [spring-web] [http-nio-8080-exec-9] s.s.spring_web.aspect.LoggingAspect      : Exiting method: EnrollmentController.getAllEnrollments() with result: <200 OK OK,[],[]>
2024-09-17T08:12:56.024+07:00  WARN 13004 --- [spring-web] [http-nio-8080-exec-2] .c.j.MappingJackson2HttpMessageConverter : Failed to evaluate Jackson deserialization for type [[simple type, class students.student_management.spring_web.model.Enrollment]]: com.fasterxml.jackson.databind.exc.InvalidDefinitionException: Multiple back-reference properties with name 'defaultReference'
2024-09-17T08:12:56.027+07:00  WARN 13004 --- [spring-web] [http-nio-8080-exec-2] .c.j.MappingJackson2HttpMessageConverter : Failed to evaluate Jackson deserialization for type [[simple type, class students.student_management.spring_web.model.Enrollment]]: com.fasterxml.jackson.databind.exc.InvalidDefinitionException: Multiple back-reference properties with name 'defaultReference'
2024-09-17T08:12:56.116+07:00  INFO 13004 --- [spring-web] [http-nio-8080-exec-7] s.s.spring_web.aspect.LoggingAspect      : Entering method: EnrollmentController.getAllStudentEnrollments()
2024-09-17T08:12:56.120+07:00  INFO 13004 --- [spring-web] [http-nio-8080-exec-7] s.s.spring_web.aspect.LoggingAspect      : Exiting method: EnrollmentController.getAllStudentEnrollments() with result: <200 OK OK,[],[]>
2024-09-17T08:12:56.197+07:00  INFO 13004 --- [spring-web] [http-nio-8080-exec-4] s.s.spring_web.aspect.LoggingAspect      : Entering method: EnrollmentController.exportToExcel(..)
2024-09-17T08:12:56.252+07:00  INFO 13004 --- [spring-web] [http-nio-8080-exec-4] s.s.spring_web.aspect.LoggingAspect      : Exiting method: EnrollmentController.exportToExcel(..) with result: <200 OK OK,[B@3d964d80,[Content-Disposition:"attachment; filename=student_enrollments.xlsx"]>
2024-09-17T08:13:34.238+07:00  INFO 13004 --- [spring-web] [http-nio-8080-exec-5] s.s.spring_web.aspect.LoggingAspect      : Entering method: DepartmentController.getAllDepartments()
2024-09-17T08:13:34.241+07:00  INFO 13004 --- [spring-web] [http-nio-8080-exec-5] s.s.spring_web.aspect.LoggingAspect      : Exiting method: DepartmentController.getAllDepartments() with result: <200 OK OK,[],[]>
2024-09-17T08:13:40.522+07:00  WARN 13004 --- [spring-web] [http-nio-8080-exec-6] .c.j.MappingJackson2HttpMessageConverter : Failed to evaluate Jackson deserialization for type [[simple type, class students.student_management.spring_web.model.Department]]: com.fasterxml.jackson.databind.exc.InvalidDefinitionException: Multiple back-reference properties with name 'defaultReference'
2024-09-17T08:13:40.524+07:00  WARN 13004 --- [spring-web] [http-nio-8080-exec-6] .c.j.MappingJackson2HttpMessageConverter : Failed to evaluate Jackson deserialization for type [[simple type, class students.student_management.spring_web.model.Department]]: com.fasterxml.jackson.databind.exc.InvalidDefinitionException: Multiple back-reference properties with name 'defaultReference'
2024-09-17T08:14:02.624+07:00  WARN 13004 --- [spring-web] [http-nio-8080-exec-3] .c.j.MappingJackson2HttpMessageConverter : Failed to evaluate Jackson deserialization for type [[simple type, class students.student_management.spring_web.model.Department]]: com.fasterxml.jackson.databind.exc.InvalidDefinitionException: Multiple back-reference properties with name 'defaultReference'
2024-09-17T08:14:02.637+07:00  WARN 13004 --- [spring-web] [http-nio-8080-exec-3] .c.j.MappingJackson2HttpMessageConverter : Failed to evaluate Jackson deserialization for type [[simple type, class students.student_management.spring_web.model.Department]]: com.fasterxml.jackson.databind.exc.InvalidDefinitionException: Multiple back-reference properties with name 'defaultReference'
2024-09-17T08:14:10.584+07:00  INFO 13004 --- [spring-web] [http-nio-8080-exec-10] s.s.spring_web.aspect.LoggingAspect      : Entering method: StudentStatusController.getAllStudentStatuses()
2024-09-17T08:14:10.589+07:00  INFO 13004 --- [spring-web] [http-nio-8080-exec-10] s.s.spring_web.aspect.LoggingAspect      : Exiting method: StudentStatusController.getAllStudentStatuses() with result: <200 OK OK,[students.student_management.spring_web.model.StudentStatus@5cd51e30],[]>
2024-09-17T08:14:18.510+07:00  INFO 13004 --- [spring-web] [http-nio-8080-exec-2] s.s.spring_web.aspect.LoggingAspect      : Entering method: StudentStatusController.getAllStudentStatuses()
2024-09-17T08:14:18.514+07:00  INFO 13004 --- [spring-web] [http-nio-8080-exec-2] s.s.spring_web.aspect.LoggingAspect      : Exiting method: StudentStatusController.getAllStudentStatuses() with result: <200 OK OK,[students.student_management.spring_web.model.StudentStatus@22d84301],[]>
2024-09-17T08:14:28.310+07:00  INFO 13004 --- [spring-web] [http-nio-8080-exec-1] s.s.spring_web.aspect.LoggingAspect      : Entering method: StudentStatusController.createStudentStatus(..)
2024-09-17T08:14:28.327+07:00  INFO 13004 --- [spring-web] [http-nio-8080-exec-1] s.s.spring_web.aspect.LoggingAspect      : Exiting method: StudentStatusController.createStudentStatus(..) with result: <201 CREATED Created,{message=Student Status created successfully!, status=students.student_management.spring_web.model.StudentStatus@67a0f235},[]>
2024-09-17T08:14:37.217+07:00  INFO 13004 --- [spring-web] [http-nio-8080-exec-7] s.s.spring_web.aspect.LoggingAspect      : Entering method: TimeController.getAllTimes()
2024-09-17T08:14:37.223+07:00  INFO 13004 --- [spring-web] [http-nio-8080-exec-7] s.s.spring_web.aspect.LoggingAspect      : Exiting method: TimeController.getAllTimes() with result: <200 OK OK,[students.student_management.spring_web.model.Time@223d608f],[]>
2024-09-17T08:14:43.741+07:00  INFO 13004 --- [spring-web] [http-nio-8080-exec-4] s.s.spring_web.aspect.LoggingAspect      : Entering method: StudentController.getAllStudents()
2024-09-17T08:14:43.745+07:00  INFO 13004 --- [spring-web] [http-nio-8080-exec-4] s.s.spring_web.aspect.LoggingAspect      : Exiting method: StudentController.getAllStudents() with result: <200 OK OK,[],[]>
2024-09-17T08:14:51.275+07:00  WARN 13004 --- [spring-web] [http-nio-8080-exec-5] .c.j.MappingJackson2HttpMessageConverter : Failed to evaluate Jackson deserialization for type [[simple type, class students.student_management.spring_web.model.Student]]: com.fasterxml.jackson.databind.exc.InvalidDefinitionException: Multiple back-reference properties with name 'defaultReference'
2024-09-17T08:14:51.278+07:00  WARN 13004 --- [spring-web] [http-nio-8080-exec-5] .c.j.MappingJackson2HttpMessageConverter : Failed to evaluate Jackson deserialization for type [[simple type, class students.student_management.spring_web.model.Student]]: com.fasterxml.jackson.databind.exc.InvalidDefinitionException: Multiple back-reference properties with name 'defaultReference'
2024-09-17T08:15:26.897+07:00  WARN 13004 --- [spring-web] [http-nio-8080-exec-8] .c.j.MappingJackson2HttpMessageConverter : Failed to evaluate Jackson deserialization for type [[simple type, class students.student_management.spring_web.model.Student]]: com.fasterxml.jackson.databind.exc.InvalidDefinitionException: Multiple back-reference properties with name 'defaultReference'
2024-09-17T08:15:26.902+07:00  WARN 13004 --- [spring-web] [http-nio-8080-exec-8] .c.j.MappingJackson2HttpMessageConverter : Failed to evaluate Jackson deserialization for type [[simple type, class students.student_management.spring_web.model.Student]]: com.fasterxml.jackson.databind.exc.InvalidDefinitionException: Multiple back-reference properties with name 'defaultReference'
2024-09-17T08:15:34.411+07:00  INFO 13004 --- [spring-web] [http-nio-8080-exec-9] s.s.spring_web.aspect.LoggingAspect      : Entering method: TeacherController.getAllTeachers()
2024-09-17T08:15:34.415+07:00  INFO 13004 --- [spring-web] [http-nio-8080-exec-9] s.s.spring_web.aspect.LoggingAspect      : Exiting method: TeacherController.getAllTeachers() with result: <204 NO_CONTENT No Content,[]>
2024-09-17T08:15:40.048+07:00  WARN 13004 --- [spring-web] [http-nio-8080-exec-10] .c.j.MappingJackson2HttpMessageConverter : Failed to evaluate Jackson deserialization for type [[simple type, class students.student_management.spring_web.model.Teacher]]: com.fasterxml.jackson.databind.exc.InvalidDefinitionException: Multiple back-reference properties with name 'defaultReference'
2024-09-17T08:15:40.050+07:00  WARN 13004 --- [spring-web] [http-nio-8080-exec-10] .c.j.MappingJackson2HttpMessageConverter : Failed to evaluate Jackson deserialization for type [[simple type, class students.student_management.spring_web.model.Teacher]]: com.fasterxml.jackson.databind.exc.InvalidDefinitionException: Multiple back-reference properties with name 'defaultReference'
2024-09-17T08:19:17.602+07:00  WARN 13004 --- [spring-web] [http-nio-8080-exec-1] .c.j.MappingJackson2HttpMessageConverter : Failed to evaluate Jackson deserialization for type [[simple type, class students.student_management.spring_web.model.Course]]: com.fasterxml.jackson.databind.exc.InvalidDefinitionException: Multiple back-reference properties with name 'defaultReference'
2024-09-17T08:19:17.602+07:00  WARN 13004 --- [spring-web] [http-nio-8080-exec-1] .c.j.MappingJackson2HttpMessageConverter : Failed to evaluate Jackson deserialization for type [[simple type, class students.student_management.spring_web.model.Course]]: com.fasterxml.jackson.databind.exc.InvalidDefinitionException: Multiple back-reference properties with name 'defaultReference'
2024-09-17T08:19:22.732+07:00  WARN 13004 --- [spring-web] [http-nio-8080-exec-4] .c.j.MappingJackson2HttpMessageConverter : Failed to evaluate Jackson deserialization for type [[simple type, class students.student_management.spring_web.model.Student]]: com.fasterxml.jackson.databind.exc.InvalidDefinitionException: Multiple back-reference properties with name 'defaultReference'
2024-09-17T08:19:22.734+07:00  WARN 13004 --- [spring-web] [http-nio-8080-exec-4] .c.j.MappingJackson2HttpMessageConverter : Failed to evaluate Jackson deserialization for type [[simple type, class students.student_management.spring_web.model.Student]]: com.fasterxml.jackson.databind.exc.InvalidDefinitionException: Multiple back-reference properties with name 'defaultReference'
2024-09-17T08:19:28.108+07:00  WARN 13004 --- [spring-web] [http-nio-8080-exec-5] .c.j.MappingJackson2HttpMessageConverter : Failed to evaluate Jackson deserialization for type [[simple type, class students.student_management.spring_web.model.Class]]: com.fasterxml.jackson.databind.exc.InvalidDefinitionException: Multiple back-reference properties with name 'defaultReference'
2024-09-17T08:19:28.109+07:00  WARN 13004 --- [spring-web] [http-nio-8080-exec-5] .c.j.MappingJackson2HttpMessageConverter : Failed to evaluate Jackson deserialization for type [[simple type, class students.student_management.spring_web.model.Class]]: com.fasterxml.jackson.databind.exc.InvalidDefinitionException: Multiple back-reference properties with name 'defaultReference'
2024-09-17T08:19:43.577+07:00  INFO 13004 --- [spring-web] [http-nio-8080-exec-3] s.s.spring_web.aspect.LoggingAspect      : Entering method: TimeController.createTime(..)
2024-09-17T08:19:43.581+07:00  INFO 13004 --- [spring-web] [http-nio-8080-exec-3] s.s.spring_web.aspect.LoggingAspect      : Exiting method: TimeController.createTime(..) with result: <201 CREATED Created,{message=Time has been created successfully!, status=students.student_management.spring_web.model.Time@24fd0136},[]>
2024-09-17T08:25:25.468+07:00  INFO 2036 --- [spring-web] [main] s.s.spring_web.SpringWebApplication      : Starting SpringWebApplication using Java 21.0.1 with PID 2036 (C:\Users\MeyMey Heng\Desktop\Student-V2\target\classes started by MeyMey Heng in C:\Users\MeyMey Heng\Desktop\Student-V2)
2024-09-17T08:25:25.470+07:00  INFO 2036 --- [spring-web] [main] s.s.spring_web.SpringWebApplication      : No active profile set, falling back to 1 default profile: "default"
2024-09-17T08:25:26.499+07:00  INFO 2036 --- [spring-web] [main] .s.d.r.c.RepositoryConfigurationDelegate : Bootstrapping Spring Data JPA repositories in DEFAULT mode.
2024-09-17T08:25:26.596+07:00  INFO 2036 --- [spring-web] [main] .s.d.r.c.RepositoryConfigurationDelegate : Finished Spring Data repository scanning in 87 ms. Found 9 JPA repository interfaces.
2024-09-17T08:25:31.212+07:00  WARN 2036 --- [spring-web] [main] JpaBaseConfiguration$JpaWebConfiguration : spring.jpa.open-in-view is enabled by default. Therefore, database queries may be performed during view rendering. Explicitly configure spring.jpa.open-in-view to disable this warning
2024-09-17T08:25:32.061+07:00  INFO 2036 --- [spring-web] [main] s.s.spring_web.SpringWebApplication      : Started SpringWebApplication in 7.159 seconds (process running for 7.65)
2024-09-17T08:25:42.404+07:00  WARN 2036 --- [spring-web] [http-nio-8080-exec-1] .c.j.MappingJackson2HttpMessageConverter : Failed to evaluate Jackson deserialization for type [[simple type, class students.student_management.spring_web.model.Department]]: com.fasterxml.jackson.databind.exc.InvalidDefinitionException: Cannot handle managed/back reference 'student-department': back reference type (`java.util.List<students.student_management.spring_web.model.Student>`) not compatible with managed type (students.student_management.spring_web.model.Student)
2024-09-17T08:25:42.407+07:00  WARN 2036 --- [spring-web] [http-nio-8080-exec-1] .c.j.MappingJackson2HttpMessageConverter : Failed to evaluate Jackson deserialization for type [[simple type, class students.student_management.spring_web.model.Department]]: com.fasterxml.jackson.databind.exc.InvalidDefinitionException: Cannot handle managed/back reference 'student-department': back reference type (`java.util.List<students.student_management.spring_web.model.Student>`) not compatible with managed type (students.student_management.spring_web.model.Student)
2024-09-17T08:25:59.825+07:00  INFO 19588 --- [spring-web] [main] s.s.spring_web.SpringWebApplication      : Starting SpringWebApplication using Java 21.0.1 with PID 19588 (C:\Users\MeyMey Heng\Desktop\Student-V2\target\classes started by MeyMey Heng in C:\Users\MeyMey Heng\Desktop\Student-V2)
2024-09-17T08:25:59.828+07:00  INFO 19588 --- [spring-web] [main] s.s.spring_web.SpringWebApplication      : No active profile set, falling back to 1 default profile: "default"
2024-09-17T08:26:00.642+07:00  INFO 19588 --- [spring-web] [main] .s.d.r.c.RepositoryConfigurationDelegate : Bootstrapping Spring Data JPA repositories in DEFAULT mode.
2024-09-17T08:26:00.735+07:00  INFO 19588 --- [spring-web] [main] .s.d.r.c.RepositoryConfigurationDelegate : Finished Spring Data repository scanning in 87 ms. Found 9 JPA repository interfaces.
2024-09-17T08:26:04.761+07:00  WARN 19588 --- [spring-web] [main] JpaBaseConfiguration$JpaWebConfiguration : spring.jpa.open-in-view is enabled by default. Therefore, database queries may be performed during view rendering. Explicitly configure spring.jpa.open-in-view to disable this warning
2024-09-17T08:26:05.553+07:00  INFO 19588 --- [spring-web] [main] s.s.spring_web.SpringWebApplication      : Started SpringWebApplication in 6.202 seconds (process running for 6.686)
2024-09-17T08:26:10.917+07:00  WARN 19588 --- [spring-web] [http-nio-8080-exec-2] .c.j.MappingJackson2HttpMessageConverter : Failed to evaluate Jackson deserialization for type [[simple type, class students.student_management.spring_web.model.Department]]: com.fasterxml.jackson.databind.exc.InvalidDefinitionException: Cannot handle managed/back reference 'student-department': back reference type (`java.util.List<students.student_management.spring_web.model.Student>`) not compatible with managed type (students.student_management.spring_web.model.Student)
2024-09-17T08:26:10.921+07:00  WARN 19588 --- [spring-web] [http-nio-8080-exec-2] .c.j.MappingJackson2HttpMessageConverter : Failed to evaluate Jackson deserialization for type [[simple type, class students.student_management.spring_web.model.Department]]: com.fasterxml.jackson.databind.exc.InvalidDefinitionException: Cannot handle managed/back reference 'student-department': back reference type (`java.util.List<students.student_management.spring_web.model.Student>`) not compatible with managed type (students.student_management.spring_web.model.Student)
2024-09-17T08:26:15.533+07:00  INFO 19588 --- [spring-web] [http-nio-8080-exec-3] s.s.spring_web.aspect.LoggingAspect      : Entering method: DepartmentController.getAllDepartments()
2024-09-17T08:26:15.682+07:00  INFO 19588 --- [spring-web] [http-nio-8080-exec-3] s.s.spring_web.aspect.LoggingAspect      : Exiting method: DepartmentController.getAllDepartments() with result: <200 OK OK,[],[]>
2024-09-17T08:26:20.521+07:00  WARN 19588 --- [spring-web] [http-nio-8080-exec-5] .c.j.MappingJackson2HttpMessageConverter : Failed to evaluate Jackson deserialization for type [[simple type, class students.student_management.spring_web.model.Department]]: com.fasterxml.jackson.databind.exc.InvalidDefinitionException: Cannot handle managed/back reference 'student-department': back reference type (`java.util.List<students.student_management.spring_web.model.Student>`) not compatible with managed type (students.student_management.spring_web.model.Student)
2024-09-17T08:26:20.525+07:00  WARN 19588 --- [spring-web] [http-nio-8080-exec-5] .c.j.MappingJackson2HttpMessageConverter : Failed to evaluate Jackson deserialization for type [[simple type, class students.student_management.spring_web.model.Department]]: com.fasterxml.jackson.databind.exc.InvalidDefinitionException: Cannot handle managed/back reference 'student-department': back reference type (`java.util.List<students.student_management.spring_web.model.Student>`) not compatible with managed type (students.student_management.spring_web.model.Student)
2024-09-17T08:26:25.506+07:00  WARN 19588 --- [spring-web] [http-nio-8080-exec-6] .c.j.MappingJackson2HttpMessageConverter : Failed to evaluate Jackson deserialization for type [[simple type, class students.student_management.spring_web.model.Department]]: com.fasterxml.jackson.databind.exc.InvalidDefinitionException: Cannot handle managed/back reference 'student-department': back reference type (`java.util.List<students.student_management.spring_web.model.Student>`) not compatible with managed type (students.student_management.spring_web.model.Student)
2024-09-17T08:26:25.510+07:00  WARN 19588 --- [spring-web] [http-nio-8080-exec-6] .c.j.MappingJackson2HttpMessageConverter : Failed to evaluate Jackson deserialization for type [[simple type, class students.student_management.spring_web.model.Department]]: com.fasterxml.jackson.databind.exc.InvalidDefinitionException: Cannot handle managed/back reference 'student-department': back reference type (`java.util.List<students.student_management.spring_web.model.Student>`) not compatible with managed type (students.student_management.spring_web.model.Student)
2024-09-17T08:29:11.359+07:00  INFO 8864 --- [spring-web] [main] s.s.spring_web.SpringWebApplication      : Starting SpringWebApplication using Java 21.0.1 with PID 8864 (C:\Users\MeyMey Heng\Desktop\Student-V2\target\classes started by MeyMey Heng in C:\Users\MeyMey Heng\Desktop\Student-V2)
2024-09-17T08:29:11.362+07:00  INFO 8864 --- [spring-web] [main] s.s.spring_web.SpringWebApplication      : No active profile set, falling back to 1 default profile: "default"
2024-09-17T08:29:12.242+07:00  INFO 8864 --- [spring-web] [main] .s.d.r.c.RepositoryConfigurationDelegate : Bootstrapping Spring Data JPA repositories in DEFAULT mode.
2024-09-17T08:29:12.340+07:00  INFO 8864 --- [spring-web] [main] .s.d.r.c.RepositoryConfigurationDelegate : Finished Spring Data repository scanning in 90 ms. Found 9 JPA repository interfaces.
2024-09-17T08:29:16.294+07:00  WARN 8864 --- [spring-web] [main] JpaBaseConfiguration$JpaWebConfiguration : spring.jpa.open-in-view is enabled by default. Therefore, database queries may be performed during view rendering. Explicitly configure spring.jpa.open-in-view to disable this warning
2024-09-17T08:29:17.140+07:00  INFO 8864 --- [spring-web] [main] s.s.spring_web.SpringWebApplication      : Started SpringWebApplication in 6.291 seconds (process running for 6.718)
2024-09-17T08:29:23.849+07:00  INFO 8864 --- [spring-web] [http-nio-8080-exec-2] s.s.spring_web.aspect.LoggingAspect      : Entering method: DepartmentController.createDepartment(..)
2024-09-17T08:29:23.928+07:00  INFO 8864 --- [spring-web] [http-nio-8080-exec-2] s.s.spring_web.aspect.LoggingAspect      : Exiting method: DepartmentController.createDepartment(..) with result: <201 CREATED Created,{message=Department has been created successfully!, status=students.student_management.spring_web.model.Department@627989b3},[]>
2024-09-17T08:29:29.150+07:00  INFO 8864 --- [spring-web] [http-nio-8080-exec-3] s.s.spring_web.aspect.LoggingAspect      : Entering method: DepartmentController.getAllDepartments()
2024-09-17T08:29:29.310+07:00  INFO 8864 --- [spring-web] [http-nio-8080-exec-3] s.s.spring_web.aspect.LoggingAspect      : Exiting method: DepartmentController.getAllDepartments() with result: <200 OK OK,[students.student_management.spring_web.model.Department@68d484f],[]>
2024-09-17T08:29:38.032+07:00  INFO 8864 --- [spring-web] [http-nio-8080-exec-4] s.s.spring_web.aspect.LoggingAspect      : Entering method: StudentStatusController.createStudentStatus(..)
2024-09-17T08:29:38.059+07:00  INFO 8864 --- [spring-web] [http-nio-8080-exec-4] s.s.spring_web.aspect.LoggingAspect      : Exiting method: StudentStatusController.createStudentStatus(..) with result: <201 CREATED Created,{message=Student Status created successfully!, status=students.student_management.spring_web.model.StudentStatus@2100a704},[]>
2024-09-17T08:29:43.065+07:00  INFO 8864 --- [spring-web] [http-nio-8080-exec-5] s.s.spring_web.aspect.LoggingAspect      : Entering method: TimeController.createTime(..)
2024-09-17T08:29:43.089+07:00  INFO 8864 --- [spring-web] [http-nio-8080-exec-5] s.s.spring_web.aspect.LoggingAspect      : Exiting method: TimeController.createTime(..) with result: <201 CREATED Created,{message=Time has been created successfully!, status=students.student_management.spring_web.model.Time@667cd37f},[]>
2024-09-17T08:29:47.009+07:00  WARN 8864 --- [spring-web] [http-nio-8080-exec-6] .c.j.MappingJackson2HttpMessageConverter : Failed to evaluate Jackson deserialization for type [[simple type, class students.student_management.spring_web.model.Student]]: com.fasterxml.jackson.databind.exc.InvalidDefinitionException: Cannot handle managed/back reference 'defaultReference': no back reference property found from type `students.student_management.spring_web.model.Department`
2024-09-17T08:29:47.012+07:00  WARN 8864 --- [spring-web] [http-nio-8080-exec-6] .c.j.MappingJackson2HttpMessageConverter : Failed to evaluate Jackson deserialization for type [[simple type, class students.student_management.spring_web.model.Student]]: com.fasterxml.jackson.databind.exc.InvalidDefinitionException: Cannot handle managed/back reference 'defaultReference': no back reference property found from type `students.student_management.spring_web.model.Department`
2024-09-17T08:32:16.085+07:00  INFO 16112 --- [spring-web] [main] s.s.spring_web.SpringWebApplication      : Starting SpringWebApplication using Java 21.0.1 with PID 16112 (C:\Users\MeyMey Heng\Desktop\Student-V2\target\classes started by MeyMey Heng in C:\Users\MeyMey Heng\Desktop\Student-V2)
2024-09-17T08:32:16.087+07:00  INFO 16112 --- [spring-web] [main] s.s.spring_web.SpringWebApplication      : No active profile set, falling back to 1 default profile: "default"
2024-09-17T08:32:16.900+07:00  INFO 16112 --- [spring-web] [main] .s.d.r.c.RepositoryConfigurationDelegate : Bootstrapping Spring Data JPA repositories in DEFAULT mode.
2024-09-17T08:32:16.988+07:00  INFO 16112 --- [spring-web] [main] .s.d.r.c.RepositoryConfigurationDelegate : Finished Spring Data repository scanning in 77 ms. Found 9 JPA repository interfaces.
2024-09-17T08:32:20.958+07:00  WARN 16112 --- [spring-web] [main] JpaBaseConfiguration$JpaWebConfiguration : spring.jpa.open-in-view is enabled by default. Therefore, database queries may be performed during view rendering. Explicitly configure spring.jpa.open-in-view to disable this warning
2024-09-17T08:32:21.689+07:00  INFO 16112 --- [spring-web] [main] s.s.spring_web.SpringWebApplication      : Started SpringWebApplication in 6.074 seconds (process running for 6.484)
2024-09-17T08:32:28.057+07:00  WARN 16112 --- [spring-web] [http-nio-8080-exec-3] .c.j.MappingJackson2HttpMessageConverter : Failed to evaluate Jackson deserialization for type [[simple type, class students.student_management.spring_web.model.Student]]: com.fasterxml.jackson.databind.exc.InvalidDefinitionException: Cannot handle managed/back reference 'defaultReference': back reference type (`java.util.List<students.student_management.spring_web.model.Student>`) not compatible with managed type (students.student_management.spring_web.model.Student)
2024-09-17T08:32:28.059+07:00  WARN 16112 --- [spring-web] [http-nio-8080-exec-3] .c.j.MappingJackson2HttpMessageConverter : Failed to evaluate Jackson deserialization for type [[simple type, class students.student_management.spring_web.model.Student]]: com.fasterxml.jackson.databind.exc.InvalidDefinitionException: Cannot handle managed/back reference 'defaultReference': back reference type (`java.util.List<students.student_management.spring_web.model.Student>`) not compatible with managed type (students.student_management.spring_web.model.Student)
2024-09-17T08:32:33.170+07:00  INFO 16112 --- [spring-web] [http-nio-8080-exec-4] s.s.spring_web.aspect.LoggingAspect      : Entering method: DepartmentController.createDepartment(..)
2024-09-17T08:32:33.261+07:00  INFO 16112 --- [spring-web] [http-nio-8080-exec-4] s.s.spring_web.aspect.LoggingAspect      : Exiting method: DepartmentController.createDepartment(..) with result: <201 CREATED Created,{message=Department has been created successfully!, status=students.student_management.spring_web.model.Department@4961804a},[]>
2024-09-17T08:32:39.311+07:00  INFO 16112 --- [spring-web] [http-nio-8080-exec-5] s.s.spring_web.aspect.LoggingAspect      : Entering method: StudentStatusController.createStudentStatus(..)
2024-09-17T08:32:39.342+07:00  INFO 16112 --- [spring-web] [http-nio-8080-exec-5] s.s.spring_web.aspect.LoggingAspect      : Exiting method: StudentStatusController.createStudentStatus(..) with result: <201 CREATED Created,{message=Student Status created successfully!, status=students.student_management.spring_web.model.StudentStatus@4c82d080},[]>
2024-09-17T08:32:45.339+07:00  INFO 16112 --- [spring-web] [http-nio-8080-exec-6] s.s.spring_web.aspect.LoggingAspect      : Entering method: TimeController.createTime(..)
2024-09-17T08:32:45.357+07:00  INFO 16112 --- [spring-web] [http-nio-8080-exec-6] s.s.spring_web.aspect.LoggingAspect      : Exiting method: TimeController.createTime(..) with result: <201 CREATED Created,{message=Time has been created successfully!, status=students.student_management.spring_web.model.Time@3019bda8},[]>
2024-09-17T08:32:49.716+07:00  WARN 16112 --- [spring-web] [http-nio-8080-exec-7] .c.j.MappingJackson2HttpMessageConverter : Failed to evaluate Jackson deserialization for type [[simple type, class students.student_management.spring_web.model.Student]]: com.fasterxml.jackson.databind.exc.InvalidDefinitionException: Cannot handle managed/back reference 'defaultReference': back reference type (`java.util.List<students.student_management.spring_web.model.Student>`) not compatible with managed type (students.student_management.spring_web.model.Student)
2024-09-17T08:32:49.718+07:00  WARN 16112 --- [spring-web] [http-nio-8080-exec-7] .c.j.MappingJackson2HttpMessageConverter : Failed to evaluate Jackson deserialization for type [[simple type, class students.student_management.spring_web.model.Student]]: com.fasterxml.jackson.databind.exc.InvalidDefinitionException: Cannot handle managed/back reference 'defaultReference': back reference type (`java.util.List<students.student_management.spring_web.model.Student>`) not compatible with managed type (students.student_management.spring_web.model.Student)
2024-09-17T08:32:54.637+07:00  WARN 16112 --- [spring-web] [http-nio-8080-exec-9] .c.j.MappingJackson2HttpMessageConverter : Failed to evaluate Jackson deserialization for type [[simple type, class students.student_management.spring_web.model.Teacher]]: com.fasterxml.jackson.databind.exc.InvalidDefinitionException: Cannot handle managed/back reference 'teacher-department': no back reference property found from type `students.student_management.spring_web.model.Department`
2024-09-17T08:32:54.639+07:00  WARN 16112 --- [spring-web] [http-nio-8080-exec-9] .c.j.MappingJackson2HttpMessageConverter : Failed to evaluate Jackson deserialization for type [[simple type, class students.student_management.spring_web.model.Teacher]]: com.fasterxml.jackson.databind.exc.InvalidDefinitionException: Cannot handle managed/back reference 'teacher-department': no back reference property found from type `students.student_management.spring_web.model.Department`
2024-09-17T08:33:29.223+07:00  WARN 16112 --- [spring-web] [http-nio-8080-exec-10] .c.j.MappingJackson2HttpMessageConverter : Failed to evaluate Jackson deserialization for type [[simple type, class students.student_management.spring_web.model.Teacher]]: com.fasterxml.jackson.databind.exc.InvalidDefinitionException: Cannot handle managed/back reference 'teacher-department': no back reference property found from type `students.student_management.spring_web.model.Department`
2024-09-17T08:33:29.227+07:00  WARN 16112 --- [spring-web] [http-nio-8080-exec-10] .c.j.MappingJackson2HttpMessageConverter : Failed to evaluate Jackson deserialization for type [[simple type, class students.student_management.spring_web.model.Teacher]]: com.fasterxml.jackson.databind.exc.InvalidDefinitionException: Cannot handle managed/back reference 'teacher-department': no back reference property found from type `students.student_management.spring_web.model.Department`
2024-09-17T08:39:26.079+07:00  INFO 19844 --- [spring-web] [main] s.s.spring_web.SpringWebApplication      : Starting SpringWebApplication using Java 21.0.1 with PID 19844 (C:\Users\MeyMey Heng\Desktop\Student-V2\target\classes started by MeyMey Heng in C:\Users\MeyMey Heng\Desktop\Student-V2)
2024-09-17T08:39:26.081+07:00  INFO 19844 --- [spring-web] [main] s.s.spring_web.SpringWebApplication      : No active profile set, falling back to 1 default profile: "default"
2024-09-17T08:39:27.142+07:00  INFO 19844 --- [spring-web] [main] .s.d.r.c.RepositoryConfigurationDelegate : Bootstrapping Spring Data JPA repositories in DEFAULT mode.
2024-09-17T08:39:27.284+07:00  INFO 19844 --- [spring-web] [main] .s.d.r.c.RepositoryConfigurationDelegate : Finished Spring Data repository scanning in 132 ms. Found 9 JPA repository interfaces.
2024-09-17T08:39:32.422+07:00  WARN 19844 --- [spring-web] [main] JpaBaseConfiguration$JpaWebConfiguration : spring.jpa.open-in-view is enabled by default. Therefore, database queries may be performed during view rendering. Explicitly configure spring.jpa.open-in-view to disable this warning
2024-09-17T08:39:33.456+07:00  INFO 19844 --- [spring-web] [main] s.s.spring_web.SpringWebApplication      : Started SpringWebApplication in 7.877 seconds (process running for 8.375)
2024-09-17T08:39:44.997+07:00  WARN 19844 --- [spring-web] [http-nio-8080-exec-1] .c.j.MappingJackson2HttpMessageConverter : Failed to evaluate Jackson deserialization for type [[simple type, class students.student_management.spring_web.model.Department]]: com.fasterxml.jackson.databind.exc.InvalidDefinitionException: Cannot handle managed/back reference 'defaultReference': no back reference property found from type `students.student_management.spring_web.model.Department`
2024-09-17T08:39:45.004+07:00  WARN 19844 --- [spring-web] [http-nio-8080-exec-1] .c.j.MappingJackson2HttpMessageConverter : Failed to evaluate Jackson deserialization for type [[simple type, class students.student_management.spring_web.model.Department]]: com.fasterxml.jackson.databind.exc.InvalidDefinitionException: Cannot handle managed/back reference 'defaultReference': no back reference property found from type `students.student_management.spring_web.model.Department`
2024-09-17T08:39:49.540+07:00  WARN 19844 --- [spring-web] [http-nio-8080-exec-4] .c.j.MappingJackson2HttpMessageConverter : Failed to evaluate Jackson deserialization for type [[simple type, class students.student_management.spring_web.model.Department]]: com.fasterxml.jackson.databind.exc.InvalidDefinitionException: Cannot handle managed/back reference 'defaultReference': no back reference property found from type `students.student_management.spring_web.model.Department`
2024-09-17T08:39:49.547+07:00  WARN 19844 --- [spring-web] [http-nio-8080-exec-4] .c.j.MappingJackson2HttpMessageConverter : Failed to evaluate Jackson deserialization for type [[simple type, class students.student_management.spring_web.model.Department]]: com.fasterxml.jackson.databind.exc.InvalidDefinitionException: Cannot handle managed/back reference 'defaultReference': no back reference property found from type `students.student_management.spring_web.model.Department`
2024-09-17T08:39:54.563+07:00  INFO 19844 --- [spring-web] [http-nio-8080-exec-6] s.s.spring_web.aspect.LoggingAspect      : Entering method: StudentStatusController.createStudentStatus(..)
2024-09-17T08:39:54.660+07:00  INFO 19844 --- [spring-web] [http-nio-8080-exec-6] s.s.spring_web.aspect.LoggingAspect      : Exiting method: StudentStatusController.createStudentStatus(..) with result: <201 CREATED Created,{message=Student Status created successfully!, status=students.student_management.spring_web.model.StudentStatus@7a4a82ad},[]>
2024-09-17T08:39:58.650+07:00  INFO 19844 --- [spring-web] [http-nio-8080-exec-7] s.s.spring_web.aspect.LoggingAspect      : Entering method: TimeController.createTime(..)
2024-09-17T08:39:58.661+07:00  INFO 19844 --- [spring-web] [http-nio-8080-exec-7] s.s.spring_web.aspect.LoggingAspect      : Exiting method: TimeController.createTime(..) with result: <201 CREATED Created,{message=Time has been created successfully!, status=students.student_management.spring_web.model.Time@f7a58e4},[]>
2024-09-17T08:40:02.719+07:00  WARN 19844 --- [spring-web] [http-nio-8080-exec-8] .c.j.MappingJackson2HttpMessageConverter : Failed to evaluate Jackson deserialization for type [[simple type, class students.student_management.spring_web.model.Student]]: com.fasterxml.jackson.databind.exc.InvalidDefinitionException: Cannot handle managed/back reference 'defaultReference': no back reference property found from type `java.util.List<students.student_management.spring_web.model.Student>`
2024-09-17T08:40:02.722+07:00  WARN 19844 --- [spring-web] [http-nio-8080-exec-8] .c.j.MappingJackson2HttpMessageConverter : Failed to evaluate Jackson deserialization for type [[simple type, class students.student_management.spring_web.model.Student]]: com.fasterxml.jackson.databind.exc.InvalidDefinitionException: Cannot handle managed/back reference 'defaultReference': no back reference property found from type `java.util.List<students.student_management.spring_web.model.Student>`
2024-09-17T08:40:06.866+07:00  WARN 19844 --- [spring-web] [http-nio-8080-exec-10] .c.j.MappingJackson2HttpMessageConverter : Failed to evaluate Jackson deserialization for type [[simple type, class students.student_management.spring_web.model.Teacher]]: com.fasterxml.jackson.databind.exc.InvalidDefinitionException: Cannot handle managed/back reference 'defaultReference': no back reference property found from type `students.student_management.spring_web.model.Department`
2024-09-17T08:40:06.869+07:00  WARN 19844 --- [spring-web] [http-nio-8080-exec-10] .c.j.MappingJackson2HttpMessageConverter : Failed to evaluate Jackson deserialization for type [[simple type, class students.student_management.spring_web.model.Teacher]]: com.fasterxml.jackson.databind.exc.InvalidDefinitionException: Cannot handle managed/back reference 'defaultReference': no back reference property found from type `students.student_management.spring_web.model.Department`
2024-09-17T08:40:21.320+07:00  WARN 19844 --- [spring-web] [http-nio-8080-exec-1] .c.j.MappingJackson2HttpMessageConverter : Failed to evaluate Jackson deserialization for type [[simple type, class students.student_management.spring_web.model.Teacher]]: com.fasterxml.jackson.databind.exc.InvalidDefinitionException: Cannot handle managed/back reference 'defaultReference': no back reference property found from type `students.student_management.spring_web.model.Department`
2024-09-17T08:40:21.327+07:00  WARN 19844 --- [spring-web] [http-nio-8080-exec-1] .c.j.MappingJackson2HttpMessageConverter : Failed to evaluate Jackson deserialization for type [[simple type, class students.student_management.spring_web.model.Teacher]]: com.fasterxml.jackson.databind.exc.InvalidDefinitionException: Cannot handle managed/back reference 'defaultReference': no back reference property found from type `students.student_management.spring_web.model.Department`
2024-09-17T08:40:30.181+07:00  WARN 19844 --- [spring-web] [http-nio-8080-exec-4] .c.j.MappingJackson2HttpMessageConverter : Failed to evaluate Jackson deserialization for type [[simple type, class students.student_management.spring_web.model.Student]]: com.fasterxml.jackson.databind.exc.InvalidDefinitionException: Cannot handle managed/back reference 'defaultReference': no back reference property found from type `java.util.List<students.student_management.spring_web.model.Student>`
2024-09-17T08:40:30.184+07:00  WARN 19844 --- [spring-web] [http-nio-8080-exec-4] .c.j.MappingJackson2HttpMessageConverter : Failed to evaluate Jackson deserialization for type [[simple type, class students.student_management.spring_web.model.Student]]: com.fasterxml.jackson.databind.exc.InvalidDefinitionException: Cannot handle managed/back reference 'defaultReference': no back reference property found from type `java.util.List<students.student_management.spring_web.model.Student>`
2024-09-17T08:43:06.745+07:00  INFO 8976 --- [spring-web] [main] s.s.spring_web.SpringWebApplication      : Starting SpringWebApplication using Java 21.0.1 with PID 8976 (C:\Users\MeyMey Heng\Desktop\Student-V2\target\classes started by MeyMey Heng in C:\Users\MeyMey Heng\Desktop\Student-V2)
2024-09-17T08:43:06.747+07:00  INFO 8976 --- [spring-web] [main] s.s.spring_web.SpringWebApplication      : No active profile set, falling back to 1 default profile: "default"
2024-09-17T08:43:07.642+07:00  INFO 8976 --- [spring-web] [main] .s.d.r.c.RepositoryConfigurationDelegate : Bootstrapping Spring Data JPA repositories in DEFAULT mode.
2024-09-17T08:43:07.739+07:00  INFO 8976 --- [spring-web] [main] .s.d.r.c.RepositoryConfigurationDelegate : Finished Spring Data repository scanning in 89 ms. Found 9 JPA repository interfaces.
2024-09-17T08:43:11.881+07:00  WARN 8976 --- [spring-web] [main] JpaBaseConfiguration$JpaWebConfiguration : spring.jpa.open-in-view is enabled by default. Therefore, database queries may be performed during view rendering. Explicitly configure spring.jpa.open-in-view to disable this warning
2024-09-17T08:43:12.597+07:00  INFO 8976 --- [spring-web] [main] s.s.spring_web.SpringWebApplication      : Started SpringWebApplication in 6.35 seconds (process running for 6.76)
2024-09-17T08:43:24.523+07:00  WARN 8976 --- [spring-web] [http-nio-8080-exec-1] .c.j.MappingJackson2HttpMessageConverter : Failed to evaluate Jackson deserialization for type [[simple type, class students.student_management.spring_web.model.Student]]: com.fasterxml.jackson.databind.exc.InvalidDefinitionException: Cannot handle managed/back reference 'department-students': no back reference property found from type `java.util.List<students.student_management.spring_web.model.Student>`
2024-09-17T08:43:24.525+07:00  WARN 8976 --- [spring-web] [http-nio-8080-exec-1] .c.j.MappingJackson2HttpMessageConverter : Failed to evaluate Jackson deserialization for type [[simple type, class students.student_management.spring_web.model.Student]]: com.fasterxml.jackson.databind.exc.InvalidDefinitionException: Cannot handle managed/back reference 'department-students': no back reference property found from type `java.util.List<students.student_management.spring_web.model.Student>`
2024-09-17T08:43:30.118+07:00  WARN 8976 --- [spring-web] [http-nio-8080-exec-4] .c.j.MappingJackson2HttpMessageConverter : Failed to evaluate Jackson deserialization for type [[simple type, class students.student_management.spring_web.model.Department]]: com.fasterxml.jackson.databind.exc.InvalidDefinitionException: Cannot handle managed/back reference 'department-students': no back reference property found from type `students.student_management.spring_web.model.Department`
2024-09-17T08:43:30.125+07:00  WARN 8976 --- [spring-web] [http-nio-8080-exec-4] .c.j.MappingJackson2HttpMessageConverter : Failed to evaluate Jackson deserialization for type [[simple type, class students.student_management.spring_web.model.Department]]: com.fasterxml.jackson.databind.exc.InvalidDefinitionException: Cannot handle managed/back reference 'department-students': no back reference property found from type `students.student_management.spring_web.model.Department`
2024-09-17T08:46:13.398+07:00  INFO 10816 --- [spring-web] [main] s.s.spring_web.SpringWebApplication      : Starting SpringWebApplication using Java 21.0.1 with PID 10816 (C:\Users\MeyMey Heng\Desktop\Student-V2\target\classes started by MeyMey Heng in C:\Users\MeyMey Heng\Desktop\Student-V2)
2024-09-17T08:46:13.400+07:00  INFO 10816 --- [spring-web] [main] s.s.spring_web.SpringWebApplication      : No active profile set, falling back to 1 default profile: "default"
2024-09-17T08:46:14.279+07:00  INFO 10816 --- [spring-web] [main] .s.d.r.c.RepositoryConfigurationDelegate : Bootstrapping Spring Data JPA repositories in DEFAULT mode.
2024-09-17T08:46:14.376+07:00  INFO 10816 --- [spring-web] [main] .s.d.r.c.RepositoryConfigurationDelegate : Finished Spring Data repository scanning in 89 ms. Found 9 JPA repository interfaces.
2024-09-17T08:46:18.550+07:00  WARN 10816 --- [spring-web] [main] JpaBaseConfiguration$JpaWebConfiguration : spring.jpa.open-in-view is enabled by default. Therefore, database queries may be performed during view rendering. Explicitly configure spring.jpa.open-in-view to disable this warning
2024-09-17T08:46:19.360+07:00  INFO 10816 --- [spring-web] [main] s.s.spring_web.SpringWebApplication      : Started SpringWebApplication in 6.428 seconds (process running for 6.83)
2024-09-17T08:46:27.973+07:00  INFO 10816 --- [spring-web] [http-nio-8080-exec-2] s.s.spring_web.aspect.LoggingAspect      : Entering method: DepartmentController.createDepartment(..)
2024-09-17T08:46:28.076+07:00  INFO 10816 --- [spring-web] [http-nio-8080-exec-2] s.s.spring_web.aspect.LoggingAspect      : Exiting method: DepartmentController.createDepartment(..) with result: <201 CREATED Created,{message=Department has been created successfully!, status=students.student_management.spring_web.model.Department@76904f23},[]>
2024-09-17T08:46:39.015+07:00  INFO 10816 --- [spring-web] [http-nio-8080-exec-3] s.s.spring_web.aspect.LoggingAspect      : Entering method: StudentStatusController.createStudentStatus(..)
2024-09-17T08:46:39.047+07:00  INFO 10816 --- [spring-web] [http-nio-8080-exec-3] s.s.spring_web.aspect.LoggingAspect      : Exiting method: StudentStatusController.createStudentStatus(..) with result: <201 CREATED Created,{message=Student Status created successfully!, status=students.student_management.spring_web.model.StudentStatus@1b3c71d5},[]>
2024-09-17T08:46:43.248+07:00  INFO 10816 --- [spring-web] [http-nio-8080-exec-4] s.s.spring_web.aspect.LoggingAspect      : Entering method: TimeController.createTime(..)
2024-09-17T08:46:43.266+07:00  INFO 10816 --- [spring-web] [http-nio-8080-exec-4] s.s.spring_web.aspect.LoggingAspect      : Exiting method: TimeController.createTime(..) with result: <201 CREATED Created,{message=Time has been created successfully!, status=students.student_management.spring_web.model.Time@769259af},[]>
2024-09-17T08:46:48.139+07:00  INFO 10816 --- [spring-web] [http-nio-8080-exec-5] s.s.spring_web.aspect.LoggingAspect      : Entering method: StudentController.createStudent(..)
2024-09-17T08:46:48.942+07:00  INFO 10816 --- [spring-web] [http-nio-8080-exec-5] s.s.spring_web.aspect.LoggingAspect      : Exiting method: StudentController.createStudent(..) with result: <201 CREATED Created,{student=students.student_management.spring_web.model.Student@708ec3a7, message=Student created successfully!},[]>
2024-09-17T08:46:53.153+07:00  INFO 10816 --- [spring-web] [http-nio-8080-exec-6] s.s.spring_web.aspect.LoggingAspect      : Entering method: TeacherController.createTeacher(..)
2024-09-17T08:46:53.327+07:00  INFO 10816 --- [spring-web] [http-nio-8080-exec-6] s.s.spring_web.aspect.LoggingAspect      : Exiting method: TeacherController.createTeacher(..) with result: <201 CREATED Created,{message=Teacher created successfully!, enrollment=students.student_management.spring_web.model.Teacher@2928f7e2},[]>
2024-09-17T08:46:59.071+07:00  INFO 10816 --- [spring-web] [http-nio-8080-exec-7] s.s.spring_web.aspect.LoggingAspect      : Entering method: CourseController.createCourse(..)
2024-09-17T08:46:59.107+07:00  INFO 10816 --- [spring-web] [http-nio-8080-exec-7] s.s.spring_web.aspect.LoggingAspect      : Exiting method: CourseController.createCourse(..) with result: <201 CREATED Created,{course=students.student_management.spring_web.model.Course@10a2e444, message=Course created successfully.},[]>
2024-09-17T08:47:03.339+07:00  INFO 10816 --- [spring-web] [http-nio-8080-exec-8] s.s.spring_web.aspect.LoggingAspect      : Entering method: ClassController.createClass(..)
2024-09-17T08:47:03.373+07:00  INFO 10816 --- [spring-web] [http-nio-8080-exec-8] s.s.spring_web.aspect.LoggingAspect      : Exiting method: ClassController.createClass(..) with result: <201 CREATED Created,{message=Class created successfully., class=students.student_management.spring_web.model.Class@682c12cd},[]>
2024-09-17T08:47:53.157+07:00  INFO 10816 --- [spring-web] [http-nio-8080-exec-1] s.s.spring_web.aspect.LoggingAspect      : Entering method: DepartmentController.getAllDepartments()
2024-09-17T08:47:53.167+07:00  INFO 10816 --- [spring-web] [http-nio-8080-exec-1] s.s.spring_web.aspect.LoggingAspect      : Exiting method: DepartmentController.getAllDepartments() with result: <200 OK OK,[students.student_management.spring_web.model.Department@3ba21b6d],[]>
2024-09-17T08:47:53.233+07:00  INFO 10816 --- [spring-web] [http-nio-8080-exec-2] s.s.spring_web.aspect.LoggingAspect      : Entering method: DepartmentController.updateDepartment(..)
2024-09-17T08:47:53.258+07:00  INFO 10816 --- [spring-web] [http-nio-8080-exec-2] s.s.spring_web.aspect.LoggingAspect      : Exiting method: DepartmentController.updateDepartment(..) with result: <200 OK OK,{message=Department has been updated successfully!, status=students.student_management.spring_web.model.Department@775ee83},[]>
2024-09-17T08:47:53.352+07:00  INFO 10816 --- [spring-web] [http-nio-8080-exec-3] s.s.spring_web.aspect.LoggingAspect      : Entering method: StudentStatusController.createStudentStatus(..)
2024-09-17T08:47:53.358+07:00  INFO 10816 --- [spring-web] [http-nio-8080-exec-3] s.s.spring_web.aspect.LoggingAspect      : Exiting method: StudentStatusController.createStudentStatus(..) with result: <201 CREATED Created,{message=Student Status created successfully!, status=students.student_management.spring_web.model.StudentStatus@32cf074e},[]>
2024-09-17T08:47:53.443+07:00  INFO 10816 --- [spring-web] [http-nio-8080-exec-4] s.s.spring_web.aspect.LoggingAspect      : Entering method: StudentStatusController.getAllStudentStatuses()
2024-09-17T08:47:53.447+07:00  INFO 10816 --- [spring-web] [http-nio-8080-exec-4] s.s.spring_web.aspect.LoggingAspect      : Exiting method: StudentStatusController.getAllStudentStatuses() with result: <200 OK OK,[students.student_management.spring_web.model.StudentStatus@11e6ce5f, students.student_management.spring_web.model.StudentStatus@68793045],[]>
2024-09-17T08:47:53.538+07:00  INFO 10816 --- [spring-web] [http-nio-8080-exec-5] s.s.spring_web.aspect.LoggingAspect      : Entering method: StudentStatusController.updateStudentStatus(..)
2024-09-17T08:47:53.555+07:00  INFO 10816 --- [spring-web] [http-nio-8080-exec-5] s.s.spring_web.aspect.LoggingAspect      : Exiting method: StudentStatusController.updateStudentStatus(..) with result: <200 OK OK,{message=Student Status updated successfully!, status=students.student_management.spring_web.model.StudentStatus@5f8fbcb9},[]>
2024-09-17T08:47:53.629+07:00  INFO 10816 --- [spring-web] [http-nio-8080-exec-6] s.s.spring_web.aspect.LoggingAspect      : Entering method: TimeController.createTime(..)
2024-09-17T08:47:53.633+07:00  INFO 10816 --- [spring-web] [http-nio-8080-exec-6] s.s.spring_web.aspect.LoggingAspect      : Exiting method: TimeController.createTime(..) with result: <201 CREATED Created,{message=Time has been created successfully!, status=students.student_management.spring_web.model.Time@1956cbc5},[]>
2024-09-17T08:47:53.799+07:00  INFO 10816 --- [spring-web] [http-nio-8080-exec-8] s.s.spring_web.aspect.LoggingAspect      : Entering method: TimeController.updateTime(..)
2024-09-17T08:47:53.815+07:00  INFO 10816 --- [spring-web] [http-nio-8080-exec-8] s.s.spring_web.aspect.LoggingAspect      : Exiting method: TimeController.updateTime(..) with result: <200 OK OK,{message=Time has been updated successfully!, status=students.student_management.spring_web.model.Time@3167e348},[]>
2024-09-17T08:47:53.895+07:00  INFO 10816 --- [spring-web] [http-nio-8080-exec-9] s.s.spring_web.aspect.LoggingAspect      : Entering method: StudentController.createStudent(..)
2024-09-17T08:47:54.503+07:00  WARN 10816 --- [spring-web] [http-nio-8080-exec-9] o.h.engine.jdbc.spi.SqlExceptionHelper   : SQL Error: 0, SQLState: 23505
2024-09-17T08:47:54.504+07:00 ERROR 10816 --- [spring-web] [http-nio-8080-exec-9] o.h.engine.jdbc.spi.SqlExceptionHelper   : ERROR: duplicate key value violates unique constraint "student_contact_key"
  Detail: Key (contact)=(+855 15339669) already exists.
2024-09-17T08:47:54.528+07:00  INFO 10816 --- [spring-web] [http-nio-8080-exec-9] s.s.spring_web.aspect.LoggingAspect      : Exiting method: StudentController.createStudent(..) with result: <400 BAD_REQUEST Bad Request,{message=Failed to create student: Contact number must be unique},[]>
2024-09-17T08:47:54.603+07:00  INFO 10816 --- [spring-web] [http-nio-8080-exec-1] s.s.spring_web.aspect.LoggingAspect      : Entering method: StudentController.getAllStudents()
2024-09-17T08:47:54.619+07:00  INFO 10816 --- [spring-web] [http-nio-8080-exec-1] s.s.spring_web.aspect.LoggingAspect      : Exiting method: StudentController.getAllStudents() with result: <200 OK OK,[students.student_management.spring_web.model.Student@20da2718],[]>
2024-09-17T08:47:54.699+07:00  INFO 10816 --- [spring-web] [http-nio-8080-exec-2] s.s.spring_web.aspect.LoggingAspect      : Entering method: StudentController.updateStudent(..)
2024-09-17T08:47:54.974+07:00  INFO 10816 --- [spring-web] [http-nio-8080-exec-2] s.s.spring_web.aspect.LoggingAspect      : Exiting method: StudentController.updateStudent(..) with result: <400 BAD_REQUEST Bad Request,{message=Failed to update student: Invalid phone number},[]>
2024-09-17T08:47:55.048+07:00  INFO 10816 --- [spring-web] [http-nio-8080-exec-4] s.s.spring_web.aspect.LoggingAspect      : Entering method: TeacherController.createTeacher(..)
2024-09-17T08:47:55.052+07:00  INFO 10816 --- [spring-web] [http-nio-8080-exec-4] s.s.spring_web.aspect.LoggingAspect      : Exiting method: TeacherController.createTeacher(..) with result: <400 BAD_REQUEST Bad Request,{message=Failed to create teacher: Email already exists: mey2@example.com},[]>
2024-09-17T08:47:55.142+07:00  INFO 10816 --- [spring-web] [http-nio-8080-exec-6] s.s.spring_web.aspect.LoggingAspect      : Entering method: TeacherController.getAllTeachers()
2024-09-17T08:47:55.150+07:00  INFO 10816 --- [spring-web] [http-nio-8080-exec-6] s.s.spring_web.aspect.LoggingAspect      : Exiting method: TeacherController.getAllTeachers() with result: <200 OK OK,[students.student_management.spring_web.model.Teacher@bcc8c50],[]>
2024-09-17T08:47:55.316+07:00  INFO 10816 --- [spring-web] [http-nio-8080-exec-9] s.s.spring_web.aspect.LoggingAspect      : Entering method: CourseController.createCourse(..)
2024-09-17T08:47:55.323+07:00  INFO 10816 --- [spring-web] [http-nio-8080-exec-9] s.s.spring_web.aspect.LoggingAspect      : Exiting method: CourseController.createCourse(..) with result: <201 CREATED Created,{course=students.student_management.spring_web.model.Course@4325ff3f, message=Course created successfully.},[]>
2024-09-17T08:47:55.424+07:00  INFO 10816 --- [spring-web] [http-nio-8080-exec-10] s.s.spring_web.aspect.LoggingAspect      : Entering method: CourseController.getAllCourses()
2024-09-17T08:47:55.433+07:00  INFO 10816 --- [spring-web] [http-nio-8080-exec-10] s.s.spring_web.aspect.LoggingAspect      : Exiting method: CourseController.getAllCourses() with result: <200 OK OK,[students.student_management.spring_web.model.Course@3c922887, students.student_management.spring_web.model.Course@7b6233f9],[]>
2024-09-17T08:47:55.535+07:00  INFO 10816 --- [spring-web] [http-nio-8080-exec-1] s.s.spring_web.aspect.LoggingAspect      : Entering method: CourseController.updateCourse(..)
2024-09-17T08:47:55.544+07:00  INFO 10816 --- [spring-web] [http-nio-8080-exec-1] s.s.spring_web.aspect.LoggingAspect      : Exiting method: CourseController.updateCourse(..) with result: <404 NOT_FOUND Not Found,{message=Department not found with id: 4},[]>
2024-09-17T08:47:55.625+07:00  INFO 10816 --- [spring-web] [http-nio-8080-exec-2] s.s.spring_web.aspect.LoggingAspect      : Entering method: ClassController.createClass(..)
2024-09-17T08:47:55.637+07:00  INFO 10816 --- [spring-web] [http-nio-8080-exec-2] s.s.spring_web.aspect.LoggingAspect      : Exiting method: ClassController.createClass(..) with result: <201 CREATED Created,{message=Class created successfully., class=students.student_management.spring_web.model.Class@763b0958},[]>
2024-09-17T08:47:55.703+07:00  INFO 10816 --- [spring-web] [http-nio-8080-exec-3] s.s.spring_web.aspect.LoggingAspect      : Entering method: ClassController.getAllClasses()
2024-09-17T08:47:55.709+07:00  INFO 10816 --- [spring-web] [http-nio-8080-exec-3] s.s.spring_web.aspect.LoggingAspect      : Exiting method: ClassController.getAllClasses() with result: <200 OK OK,[students.student_management.spring_web.model.Class@62c175ab, students.student_management.spring_web.model.Class@798537ab],[]>
2024-09-17T08:47:55.801+07:00  INFO 10816 --- [spring-web] [http-nio-8080-exec-4] s.s.spring_web.aspect.LoggingAspect      : Entering method: ClassController.updateClass(..)
2024-09-17T08:47:55.807+07:00  INFO 10816 --- [spring-web] [http-nio-8080-exec-4] s.s.spring_web.aspect.LoggingAspect      : Exiting method: ClassController.updateClass(..) with result: <200 OK OK,{message=Class updated successfully., class=students.student_management.spring_web.model.Class@7126f311},[]>
2024-09-17T08:47:55.912+07:00  INFO 10816 --- [spring-web] [http-nio-8080-exec-5] s.s.spring_web.aspect.LoggingAspect      : Entering method: EnrollmentController.createEnrollment(..)
2024-09-17T08:47:55.933+07:00  INFO 10816 --- [spring-web] [http-nio-8080-exec-5] s.s.spring_web.aspect.LoggingAspect      : Exiting method: EnrollmentController.createEnrollment(..) with result: <201 CREATED Created,{message=Enrollment created successfully., enrollment=students.student_management.spring_web.model.Enrollment@49dafa5f},[]>
2024-09-17T08:47:56.002+07:00  INFO 10816 --- [spring-web] [http-nio-8080-exec-6] s.s.spring_web.aspect.LoggingAspect      : Entering method: EnrollmentController.getAllEnrollments()
2024-09-17T08:47:56.011+07:00  INFO 10816 --- [spring-web] [http-nio-8080-exec-6] s.s.spring_web.aspect.LoggingAspect      : Exiting method: EnrollmentController.getAllEnrollments() with result: <200 OK OK,[students.student_management.spring_web.model.Enrollment@4d546508],[]>
2024-09-17T08:47:56.117+07:00  INFO 10816 --- [spring-web] [http-nio-8080-exec-7] s.s.spring_web.aspect.LoggingAspect      : Entering method: EnrollmentController.updateEnrollment(..)
2024-09-17T08:47:56.122+07:00  INFO 10816 --- [spring-web] [http-nio-8080-exec-7] s.s.spring_web.aspect.LoggingAspect      : Exiting method: EnrollmentController.updateEnrollment(..) with result: <404 NOT_FOUND Not Found,{message=Enrollment not found with ID: 5},[]>
2024-09-17T08:47:56.191+07:00  INFO 10816 --- [spring-web] [http-nio-8080-exec-8] s.s.spring_web.aspect.LoggingAspect      : Entering method: EnrollmentController.getAllStudentEnrollments()
2024-09-17T08:47:56.200+07:00  INFO 10816 --- [spring-web] [http-nio-8080-exec-8] s.s.spring_web.aspect.LoggingAspect      : Exiting method: EnrollmentController.getAllStudentEnrollments() with result: <200 OK OK,[students.student_management.spring_web.dto.StudentEnrollmentDTO@6e0e5a44],[]>
2024-09-17T08:49:27.214+07:00  INFO 10816 --- [spring-web] [http-nio-8080-exec-1] s.s.spring_web.aspect.LoggingAspect      : Entering method: TeacherController.updateTeacher(..)
2024-09-17T08:49:27.227+07:00  INFO 10816 --- [spring-web] [http-nio-8080-exec-1] s.s.spring_web.aspect.LoggingAspect      : Exiting method: TeacherController.updateTeacher(..) with result: <404 NOT_FOUND Not Found,{message=Department not found with id: 3},[]>
2024-09-17T08:49:37.325+07:00  INFO 10816 --- [spring-web] [http-nio-8080-exec-2] s.s.spring_web.aspect.LoggingAspect      : Entering method: TeacherController.updateTeacher(..)
2024-09-17T08:49:37.350+07:00  INFO 10816 --- [spring-web] [http-nio-8080-exec-2] s.s.spring_web.aspect.LoggingAspect      : Exiting method: TeacherController.updateTeacher(..) with result: <200 OK OK,{message=Teacher updated successfully!, enrollment=students.student_management.spring_web.model.Teacher@37f3ded9},[]>
2024-09-17T08:49:55.471+07:00  INFO 10816 --- [spring-web] [http-nio-8080-exec-3] s.s.spring_web.aspect.LoggingAspect      : Entering method: StudentController.updateStudent(..)
2024-09-17T08:49:56.500+07:00  INFO 10816 --- [spring-web] [http-nio-8080-exec-3] s.s.spring_web.aspect.LoggingAspect      : Exiting method: StudentController.updateStudent(..) with result: <404 NOT_FOUND Not Found,{message=Department not found with id: 2},[]>
2024-09-17T08:50:02.658+07:00  INFO 10816 --- [spring-web] [http-nio-8080-exec-4] s.s.spring_web.aspect.LoggingAspect      : Entering method: StudentController.updateStudent(..)
2024-09-17T08:50:03.248+07:00  INFO 10816 --- [spring-web] [http-nio-8080-exec-4] s.s.spring_web.aspect.LoggingAspect      : Exiting method: StudentController.updateStudent(..) with result: <200 OK OK,{student=students.student_management.spring_web.model.Student@434813e5, message=Student updated successfully!},[]>
2024-09-17T08:50:11.727+07:00  INFO 10816 --- [spring-web] [http-nio-8080-exec-5] s.s.spring_web.aspect.LoggingAspect      : Entering method: TimeController.createTime(..)
2024-09-17T08:50:11.742+07:00  INFO 10816 --- [spring-web] [http-nio-8080-exec-5] s.s.spring_web.aspect.LoggingAspect      : Exiting method: TimeController.createTime(..) with result: <201 CREATED Created,{message=Time has been created successfully!, status=students.student_management.spring_web.model.Time@5d1807f7},[]>
2024-09-17T08:50:17.059+07:00  INFO 10816 --- [spring-web] [http-nio-8080-exec-6] s.s.spring_web.aspect.LoggingAspect      : Entering method: TimeController.updateTime(..)
2024-09-17T08:50:17.066+07:00  INFO 10816 --- [spring-web] [http-nio-8080-exec-6] s.s.spring_web.aspect.LoggingAspect      : Exiting method: TimeController.updateTime(..) with result: <200 OK OK,{message=Time has been updated successfully!, status=students.student_management.spring_web.model.Time@60986ec1},[]>
2024-09-17T08:50:22.594+07:00  INFO 10816 --- [spring-web] [http-nio-8080-exec-7] s.s.spring_web.aspect.LoggingAspect      : Entering method: TimeController.getAllTimes()
2024-09-17T08:50:22.599+07:00  INFO 10816 --- [spring-web] [http-nio-8080-exec-7] s.s.spring_web.aspect.LoggingAspect      : Exiting method: TimeController.getAllTimes() with result: <200 OK OK,[students.student_management.spring_web.model.Time@32878ebe, students.student_management.spring_web.model.Time@3144798, students.student_management.spring_web.model.Time@49b20d06],[]>
2024-09-17T08:50:34.710+07:00  INFO 10816 --- [spring-web] [http-nio-8080-exec-8] s.s.spring_web.aspect.LoggingAspect      : Entering method: TeacherController.createTeacher(..)
2024-09-17T08:50:34.735+07:00  INFO 10816 --- [spring-web] [http-nio-8080-exec-8] s.s.spring_web.aspect.LoggingAspect      : Exiting method: TeacherController.createTeacher(..) with result: <201 CREATED Created,{message=Teacher created successfully!, enrollment=students.student_management.spring_web.model.Teacher@752b5bd6},[]>
2024-09-17T08:50:38.428+07:00  INFO 10816 --- [spring-web] [http-nio-8080-exec-9] s.s.spring_web.aspect.LoggingAspect      : Entering method: TeacherController.updateTeacher(..)
2024-09-17T08:50:38.434+07:00  INFO 10816 --- [spring-web] [http-nio-8080-exec-9] s.s.spring_web.aspect.LoggingAspect      : Exiting method: TeacherController.updateTeacher(..) with result: <400 BAD_REQUEST Bad Request,{message=Failed to update teacher: Email already exists: mey3@email.com},[]>
2024-09-17T08:50:46.255+07:00  INFO 10816 --- [spring-web] [http-nio-8080-exec-1] s.s.spring_web.aspect.LoggingAspect      : Entering method: TeacherController.updateTeacher(..)
2024-09-17T08:50:46.273+07:00  INFO 10816 --- [spring-web] [http-nio-8080-exec-1] s.s.spring_web.aspect.LoggingAspect      : Exiting method: TeacherController.updateTeacher(..) with result: <200 OK OK,{message=Teacher updated successfully!, enrollment=students.student_management.spring_web.model.Teacher@1a4f2c51},[]>
2024-09-17T08:51:59.801+07:00  INFO 10816 --- [spring-web] [http-nio-8080-exec-5] s.s.spring_web.aspect.LoggingAspect      : Entering method: DepartmentController.getAllDepartments()
2024-09-17T08:51:59.805+07:00  INFO 10816 --- [spring-web] [http-nio-8080-exec-5] s.s.spring_web.aspect.LoggingAspect      : Exiting method: DepartmentController.getAllDepartments() with result: <200 OK OK,[students.student_management.spring_web.model.Department@213a6820],[]>
2024-09-17T08:51:59.878+07:00  INFO 10816 --- [spring-web] [http-nio-8080-exec-7] s.s.spring_web.aspect.LoggingAspect      : Entering method: DepartmentController.updateDepartment(..)
2024-09-17T08:51:59.882+07:00  INFO 10816 --- [spring-web] [http-nio-8080-exec-7] s.s.spring_web.aspect.LoggingAspect      : Exiting method: DepartmentController.updateDepartment(..) with result: <200 OK OK,{message=Department has been updated successfully!, status=students.student_management.spring_web.model.Department@5808592f},[]>
2024-09-17T08:51:59.956+07:00  INFO 10816 --- [spring-web] [http-nio-8080-exec-8] s.s.spring_web.aspect.LoggingAspect      : Entering method: StudentStatusController.createStudentStatus(..)
2024-09-17T08:51:59.959+07:00  INFO 10816 --- [spring-web] [http-nio-8080-exec-8] s.s.spring_web.aspect.LoggingAspect      : Exiting method: StudentStatusController.createStudentStatus(..) with result: <201 CREATED Created,{message=Student Status created successfully!, status=students.student_management.spring_web.model.StudentStatus@2c8760c4},[]>
2024-09-17T08:52:00.052+07:00  INFO 10816 --- [spring-web] [http-nio-8080-exec-9] s.s.spring_web.aspect.LoggingAspect      : Entering method: StudentStatusController.getAllStudentStatuses()
2024-09-17T08:52:00.055+07:00  INFO 10816 --- [spring-web] [http-nio-8080-exec-9] s.s.spring_web.aspect.LoggingAspect      : Exiting method: StudentStatusController.getAllStudentStatuses() with result: <200 OK OK,[students.student_management.spring_web.model.StudentStatus@483c4897, students.student_management.spring_web.model.StudentStatus@234dab92, students.student_management.spring_web.model.StudentStatus@72a0715b],[]>
2024-09-17T08:52:00.142+07:00  INFO 10816 --- [spring-web] [http-nio-8080-exec-10] s.s.spring_web.aspect.LoggingAspect      : Entering method: StudentStatusController.updateStudentStatus(..)
2024-09-17T08:52:00.146+07:00  INFO 10816 --- [spring-web] [http-nio-8080-exec-10] s.s.spring_web.aspect.LoggingAspect      : Exiting method: StudentStatusController.updateStudentStatus(..) with result: <200 OK OK,{message=Student Status updated successfully!, status=students.student_management.spring_web.model.StudentStatus@13a2b89e},[]>
2024-09-17T08:52:00.206+07:00  INFO 10816 --- [spring-web] [http-nio-8080-exec-1] s.s.spring_web.aspect.LoggingAspect      : Entering method: TimeController.createTime(..)
2024-09-17T08:52:00.221+07:00  INFO 10816 --- [spring-web] [http-nio-8080-exec-1] s.s.spring_web.aspect.LoggingAspect      : Exiting method: TimeController.createTime(..) with result: <201 CREATED Created,{message=Time has been created successfully!, status=students.student_management.spring_web.model.Time@c020047},[]>
2024-09-17T08:52:00.417+07:00  INFO 10816 --- [spring-web] [http-nio-8080-exec-3] s.s.spring_web.aspect.LoggingAspect      : Entering method: TimeController.updateTime(..)
2024-09-17T08:52:00.420+07:00  INFO 10816 --- [spring-web] [http-nio-8080-exec-3] s.s.spring_web.aspect.LoggingAspect      : Exiting method: TimeController.updateTime(..) with result: <200 OK OK,{message=Time has been updated successfully!, status=students.student_management.spring_web.model.Time@1bcf1ca5},[]>
2024-09-17T08:52:00.498+07:00  INFO 10816 --- [spring-web] [http-nio-8080-exec-4] s.s.spring_web.aspect.LoggingAspect      : Entering method: StudentController.createStudent(..)
2024-09-17T08:52:01.144+07:00  INFO 10816 --- [spring-web] [http-nio-8080-exec-4] s.s.spring_web.aspect.LoggingAspect      : Exiting method: StudentController.createStudent(..) with result: <201 CREATED Created,{student=students.student_management.spring_web.model.Student@664fc0a4, message=Student created successfully!},[]>
2024-09-17T08:52:01.214+07:00  INFO 10816 --- [spring-web] [http-nio-8080-exec-6] s.s.spring_web.aspect.LoggingAspect      : Entering method: StudentController.getAllStudents()
2024-09-17T08:52:01.218+07:00  INFO 10816 --- [spring-web] [http-nio-8080-exec-6] s.s.spring_web.aspect.LoggingAspect      : Exiting method: StudentController.getAllStudents() with result: <200 OK OK,[students.student_management.spring_web.model.Student@30a41557, students.student_management.spring_web.model.Student@3e347148],[]>
2024-09-17T08:52:01.296+07:00  INFO 10816 --- [spring-web] [http-nio-8080-exec-5] s.s.spring_web.aspect.LoggingAspect      : Entering method: StudentController.updateStudent(..)
2024-09-17T08:52:01.583+07:00  INFO 10816 --- [spring-web] [http-nio-8080-exec-5] s.s.spring_web.aspect.LoggingAspect      : Exiting method: StudentController.updateStudent(..) with result: <400 BAD_REQUEST Bad Request,{message=Failed to update student: Invalid phone number},[]>
2024-09-17T08:52:01.650+07:00  INFO 10816 --- [spring-web] [http-nio-8080-exec-8] s.s.spring_web.aspect.LoggingAspect      : Entering method: TeacherController.createTeacher(..)
2024-09-17T08:52:01.653+07:00  INFO 10816 --- [spring-web] [http-nio-8080-exec-8] s.s.spring_web.aspect.LoggingAspect      : Exiting method: TeacherController.createTeacher(..) with result: <400 BAD_REQUEST Bad Request,{message=Failed to create teacher: Email already exists: mey2@example.com},[]>
2024-09-17T08:52:01.732+07:00  INFO 10816 --- [spring-web] [http-nio-8080-exec-10] s.s.spring_web.aspect.LoggingAspect      : Entering method: TeacherController.getAllTeachers()
2024-09-17T08:52:01.737+07:00  INFO 10816 --- [spring-web] [http-nio-8080-exec-10] s.s.spring_web.aspect.LoggingAspect      : Exiting method: TeacherController.getAllTeachers() with result: <200 OK OK,[students.student_management.spring_web.model.Teacher@1ae5399e, students.student_management.spring_web.model.Teacher@7844fdef],[]>
2024-09-17T08:52:01.813+07:00  INFO 10816 --- [spring-web] [http-nio-8080-exec-1] s.s.spring_web.aspect.LoggingAspect      : Entering method: TeacherController.updateTeacher(..)
2024-09-17T08:52:01.819+07:00  INFO 10816 --- [spring-web] [http-nio-8080-exec-1] s.s.spring_web.aspect.LoggingAspect      : Exiting method: TeacherController.updateTeacher(..) with result: <400 BAD_REQUEST Bad Request,{message=Failed to update teacher: Email already exists: mey4@email.com},[]>
2024-09-17T08:52:01.919+07:00  INFO 10816 --- [spring-web] [http-nio-8080-exec-2] s.s.spring_web.aspect.LoggingAspect      : Entering method: CourseController.createCourse(..)
2024-09-17T08:52:01.925+07:00  INFO 10816 --- [spring-web] [http-nio-8080-exec-2] s.s.spring_web.aspect.LoggingAspect      : Exiting method: CourseController.createCourse(..) with result: <201 CREATED Created,{course=students.student_management.spring_web.model.Course@4e3d6a5a, message=Course created successfully.},[]>
2024-09-17T08:52:01.996+07:00  INFO 10816 --- [spring-web] [http-nio-8080-exec-4] s.s.spring_web.aspect.LoggingAspect      : Entering method: CourseController.getAllCourses()
2024-09-17T08:52:02.002+07:00  INFO 10816 --- [spring-web] [http-nio-8080-exec-4] s.s.spring_web.aspect.LoggingAspect      : Exiting method: CourseController.getAllCourses() with result: <200 OK OK,[students.student_management.spring_web.model.Course@415cbb3b, students.student_management.spring_web.model.Course@4440a40d, students.student_management.spring_web.model.Course@6711fb05],[]>
2024-09-17T08:52:02.059+07:00  INFO 10816 --- [spring-web] [http-nio-8080-exec-6] s.s.spring_web.aspect.LoggingAspect      : Entering method: CourseController.updateCourse(..)
2024-09-17T08:52:02.063+07:00  INFO 10816 --- [spring-web] [http-nio-8080-exec-6] s.s.spring_web.aspect.LoggingAspect      : Exiting method: CourseController.updateCourse(..) with result: <404 NOT_FOUND Not Found,{message=Department not found with id: 4},[]>
2024-09-17T08:52:02.155+07:00  INFO 10816 --- [spring-web] [http-nio-8080-exec-5] s.s.spring_web.aspect.LoggingAspect      : Entering method: ClassController.createClass(..)
2024-09-17T08:52:02.175+07:00  INFO 10816 --- [spring-web] [http-nio-8080-exec-5] s.s.spring_web.aspect.LoggingAspect      : Exiting method: ClassController.createClass(..) with result: <201 CREATED Created,{message=Class created successfully., class=students.student_management.spring_web.model.Class@14e63f34},[]>
2024-09-17T08:52:02.264+07:00  INFO 10816 --- [spring-web] [http-nio-8080-exec-7] s.s.spring_web.aspect.LoggingAspect      : Entering method: ClassController.getAllClasses()
2024-09-17T08:52:02.268+07:00  INFO 10816 --- [spring-web] [http-nio-8080-exec-7] s.s.spring_web.aspect.LoggingAspect      : Exiting method: ClassController.getAllClasses() with result: <200 OK OK,[students.student_management.spring_web.model.Class@217fc98d, students.student_management.spring_web.model.Class@6da0d05d, students.student_management.spring_web.model.Class@7ec5dc0],[]>
2024-09-17T08:52:02.344+07:00  INFO 10816 --- [spring-web] [http-nio-8080-exec-8] s.s.spring_web.aspect.LoggingAspect      : Entering method: ClassController.updateClass(..)
2024-09-17T08:52:02.350+07:00  INFO 10816 --- [spring-web] [http-nio-8080-exec-8] s.s.spring_web.aspect.LoggingAspect      : Exiting method: ClassController.updateClass(..) with result: <200 OK OK,{message=Class updated successfully., class=students.student_management.spring_web.model.Class@1649f494},[]>
2024-09-17T08:52:02.453+07:00  INFO 10816 --- [spring-web] [http-nio-8080-exec-9] s.s.spring_web.aspect.LoggingAspect      : Entering method: EnrollmentController.createEnrollment(..)
2024-09-17T08:52:02.460+07:00  INFO 10816 --- [spring-web] [http-nio-8080-exec-9] s.s.spring_web.aspect.LoggingAspect      : Exiting method: EnrollmentController.createEnrollment(..) with result: <201 CREATED Created,{message=Enrollment created successfully., enrollment=students.student_management.spring_web.model.Enrollment@2028db68},[]>
2024-09-17T08:52:02.548+07:00  INFO 10816 --- [spring-web] [http-nio-8080-exec-10] s.s.spring_web.aspect.LoggingAspect      : Entering method: EnrollmentController.getAllEnrollments()
2024-09-17T08:52:02.557+07:00  INFO 10816 --- [spring-web] [http-nio-8080-exec-10] s.s.spring_web.aspect.LoggingAspect      : Exiting method: EnrollmentController.getAllEnrollments() with result: <200 OK OK,[students.student_management.spring_web.model.Enrollment@63e98ba7, students.student_management.spring_web.model.Enrollment@67f3267],[]>
2024-09-17T08:52:02.656+07:00  INFO 10816 --- [spring-web] [http-nio-8080-exec-1] s.s.spring_web.aspect.LoggingAspect      : Entering method: EnrollmentController.updateEnrollment(..)
2024-09-17T08:52:02.660+07:00  INFO 10816 --- [spring-web] [http-nio-8080-exec-1] s.s.spring_web.aspect.LoggingAspect      : Exiting method: EnrollmentController.updateEnrollment(..) with result: <404 NOT_FOUND Not Found,{message=Enrollment not found with ID: 5},[]>
2024-09-17T08:52:02.722+07:00  INFO 10816 --- [spring-web] [http-nio-8080-exec-3] s.s.spring_web.aspect.LoggingAspect      : Entering method: EnrollmentController.getAllStudentEnrollments()
2024-09-17T08:52:02.728+07:00  INFO 10816 --- [spring-web] [http-nio-8080-exec-3] s.s.spring_web.aspect.LoggingAspect      : Exiting method: EnrollmentController.getAllStudentEnrollments() with result: <200 OK OK,[students.student_management.spring_web.dto.StudentEnrollmentDTO@29a5a9c2, students.student_management.spring_web.dto.StudentEnrollmentDTO@6d9b43d8],[]>
2024-09-17T08:53:00.655+07:00  INFO 10816 --- [spring-web] [http-nio-8080-exec-2] s.s.spring_web.aspect.LoggingAspect      : Entering method: CourseController.updateCourse(..)
2024-09-17T08:53:00.663+07:00  INFO 10816 --- [spring-web] [http-nio-8080-exec-2] s.s.spring_web.aspect.LoggingAspect      : Exiting method: CourseController.updateCourse(..) with result: <404 NOT_FOUND Not Found,{message=Department not found with id: 4},[]>
2024-09-17T08:53:32.208+07:00  INFO 10816 --- [spring-web] [http-nio-8080-exec-4] s.s.spring_web.aspect.LoggingAspect      : Entering method: EnrollmentController.getAllEnrollments()
2024-09-17T08:53:32.216+07:00  INFO 10816 --- [spring-web] [http-nio-8080-exec-4] s.s.spring_web.aspect.LoggingAspect      : Exiting method: EnrollmentController.getAllEnrollments() with result: <200 OK OK,[students.student_management.spring_web.model.Enrollment@661bf653, students.student_management.spring_web.model.Enrollment@5ac5fb9e],[]>
2024-09-17T08:53:47.879+07:00  INFO 10816 --- [spring-web] [http-nio-8080-exec-6] s.s.spring_web.aspect.LoggingAspect      : Entering method: EnrollmentController.updateEnrollment(..)
2024-09-17T08:53:47.903+07:00  INFO 10816 --- [spring-web] [http-nio-8080-exec-6] s.s.spring_web.aspect.LoggingAspect      : Exiting method: EnrollmentController.updateEnrollment(..) with result: <200 OK OK,{message=Enrollment updated successfully., enrollment=students.student_management.spring_web.model.Enrollment@40ca93b1},[]>
2024-09-17T08:53:54.394+07:00  INFO 10816 --- [spring-web] [http-nio-8080-exec-5] s.s.spring_web.aspect.LoggingAspect      : Entering method: EnrollmentController.getAllEnrollments()
2024-09-17T08:53:54.405+07:00  INFO 10816 --- [spring-web] [http-nio-8080-exec-5] s.s.spring_web.aspect.LoggingAspect      : Exiting method: EnrollmentController.getAllEnrollments() with result: <200 OK OK,[students.student_management.spring_web.model.Enrollment@7606858c, students.student_management.spring_web.model.Enrollment@7183686b],[]>
2024-09-17T08:53:58.379+07:00  INFO 10816 --- [spring-web] [http-nio-8080-exec-7] s.s.spring_web.aspect.LoggingAspect      : Entering method: EnrollmentController.getAllStudentEnrollments()
2024-09-17T08:53:58.386+07:00  INFO 10816 --- [spring-web] [http-nio-8080-exec-7] s.s.spring_web.aspect.LoggingAspect      : Exiting method: EnrollmentController.getAllStudentEnrollments() with result: <200 OK OK,[students.student_management.spring_web.dto.StudentEnrollmentDTO@5f3adb45, students.student_management.spring_web.dto.StudentEnrollmentDTO@77f31753],[]>
2024-09-17T08:54:11.726+07:00  INFO 10816 --- [spring-web] [http-nio-8080-exec-8] s.s.spring_web.aspect.LoggingAspect      : Entering method: EnrollmentController.exportToExcel(..)
2024-09-17T08:54:13.026+07:00  INFO 10816 --- [spring-web] [http-nio-8080-exec-8] s.s.spring_web.aspect.LoggingAspect      : Exiting method: EnrollmentController.exportToExcel(..) with result: <200 OK OK,[B@2651e501,[Content-Disposition:"attachment; filename=student_enrollments.xlsx"]>
